<?xml version="1.0" encoding="UTF-8"?>
<!-- Generated by org.testng.reporters.JUnitReportReporter -->
<testsuite hostname="RITESH" name="runner.TestLogoutPage" tests="4" failures="0" timestamp="6 Oct 2018 06:20:44 GMT" time="26.043" errors="0">
  <testcase name="TestEmail" time="2.224" classname="runner.TestLogoutPage"/>
  <testcase name="TestPhoneBanking" time="6.422" classname="runner.TestLogoutPage"/>
  <testcase name="TestLoginAgain" time="7.375" classname="runner.TestLogoutPage"/>
  <testcase name="TestSCIndia" time="10.022" classname="runner.TestLogoutPage"/>
</testsuite> <!-- runner.TestLogoutPage -->
