<?xml version="1.0" encoding="UTF-8"?>
<!-- Generated by org.testng.reporters.JUnitReportReporter -->
<testsuite hostname="RITESH" name="runner.TestLogin" tests="3" failures="0" timestamp="6 Oct 2018 06:33:54 GMT" time="25.118" errors="0">
  <testcase name="TestLogin" time="9.272" classname="runner.TestLogin"/>
  <testcase name="test1" time="14.633" classname="runner.TestLogin"/>
  <testcase name="titleValidation" time="1.213" classname="runner.TestLogin"/>
</testsuite> <!-- runner.TestLogin -->
