<?xml version="1.0" encoding="UTF-8"?>
<!-- Generated by org.testng.reporters.JUnitReportReporter -->
<testsuite hostname="RITESH" name="runner.TestLogoutPage" tests="4" failures="0" timestamp="6 Oct 2018 06:38:12 GMT" time="25.317" errors="0">
  <testcase name="TestPhoneBanking" time="7.863" classname="runner.TestLogoutPage"/>
  <testcase name="TestLoginAgain" time="7.931" classname="runner.TestLogoutPage"/>
  <testcase name="TestSCIndia" time="7.314" classname="runner.TestLogoutPage"/>
  <testcase name="TestEmail" time="2.209" classname="runner.TestLogoutPage"/>
</testsuite> <!-- runner.TestLogoutPage -->
