<?xml version="1.0" encoding="UTF-8"?>
<!-- Generated by org.testng.reporters.JUnitReportReporter -->
<testsuite hostname="RITESH" name="runner.TestLogin" tests="3" failures="0" timestamp="6 Oct 2018 06:38:12 GMT" time="25.349" errors="0">
  <testcase name="test1" time="2.038" classname="runner.TestLogin"/>
  <testcase name="TestLogin" time="18.175" classname="runner.TestLogin"/>
  <testcase name="titleValidation" time="5.136" classname="runner.TestLogin"/>
</testsuite> <!-- runner.TestLogin -->
